The Dart VM service is listening on http://127.0.0.1:65084/wSQcgQ6EZwo=/
The Dart DevTools debugger and profiler is available at: http://127.0.0.1:65084/wSQcgQ6EZwo=/devtools?uri=ws://127.0.0.1:65084/wSQcgQ6EZwo=/ws
The request analysis.setContextRoots failed with the following error:
RequestErrorCode.PLUGIN_ERROR
A request throw the exception:PathNotFoundException(path=D:\hall_foods\lib\lib\shared\widgets\auth_switch_button.dart; message=Cannot retrieve modification time)
#0      _PhysicalFile.modificationStamp (package:analyzer/file_system/physical_file_system.dart:118:7)
#1      _OverlayFile.modificationStamp (package:analyzer/file_system/overlay_file_system.dart:146:18)
#2      FileSource.contentsFromFile (package:analyzer/src/source/source_resource.dart:64:14)
#3      FileSource.contents (package:analyzer/src/source/source_resource.dart:51:12)
#4      ExpectLint.run (package:custom_lint_builder/src/expect_lint.dart:34:23)
#5      _ClientAnalyzerPlugin.analyzeFile.<anonymous closure> (package:custom_lint_builder/src/client.dart:823:25)
<asynchronous suspension>
#6      _ClientAnalyzerPlugin._runOperation (package:custom_lint_builder/src/client.dart:855:14)
<asynchronous suspension>
#7      _ClientAnalyzerPlugin.analyzeFile (package:custom_lint_builder/src/client.dart:776:5)
<asynchronous suspension>
#8      ServerPlugin.analyzeFiles (package:analyzer_plugin/plugin/plugin.dart:119:7)
<asynchronous suspension>
#9      ServerPlugin.afterNewContextCollection.<anonymous closure> (package:analyzer_plugin/plugin/plugin.dart:86:7)
<asynchronous suspension>
#10     ServerPlugin._forAnalysisContexts (package:analyzer_plugin/plugin/plugin.dart:517:7)
<asynchronous suspension>
#11     ServerPlugin.afterNewContextCollection (package:analyzer_plugin/plugin/plugin.dart:84:5)
<asynchronous suspension>
#12     _ClientAnalyzerPlugin._runOperation (package:custom_lint_builder/src/client.dart:855:14)
<asynchronous suspension>
#13     ServerPlugin.handleAnalysisSetContextRoots (package:analyzer_plugin/plugin/plugin.dart:273:5)
<asynchronous suspension>
#14     ServerPlugin._getResponse (package:analyzer_plugin/plugin/plugin.dart:536:18)
<asynchronous suspension>
#15     ServerPlugin._onRequest (package:analyzer_plugin/plugin/plugin.dart:599:18)
<asynchronous suspension>

at:
#0      SocketCustomLintServerToClientChannel.sendCustomLintRequest.<anonymous closure> (package:custom_lint/src/v2/server_to_client_channel.dart:275:11)
#1      _$_CustomLintResponseAnalyzerPluginResponse.map (package:custom_lint/src/v2/protocol.freezed.dart:924:34)
#2      SocketCustomLintServerToClientChannel.sendCustomLintRequest (package:custom_lint/src/v2/server_to_client_channel.dart:269:14)
<asynchronous suspension>
#3      SocketCustomLintServerToClientChannel.sendAnalyzerPluginRequest (package:custom_lint/src/v2/server_to_client_channel.dart:246:22)
<asynchronous suspension>
#4      Future.wait.<anonymous closure> (dart:async/future.dart:525:21)
<asynchronous suspension>
#5      SocketCustomLintServerToClientChannel.init (package:custom_lint/src/v2/server_to_client_channel.dart:141:5)
<asynchronous suspension>
#6      CustomLintServer._maybeSpawnCustomLintPlugin (package:custom_lint/src/v2/custom_lint_analyzer_plugin.dart:364:5)
<asynchronous suspension>
#7      CustomLintServer._handleAnalysisSetContextRoots.<anonymous closure> (package:custom_lint/src/v2/custom_lint_analyzer_plugin.dart:328:9)
<asynchronous suspension>
#8      PendingOperation.run (package:custom_lint/src/async_operation.dart:22:14)
<asynchronous suspension>
#9      CustomLintServer._handleRequest (package:custom_lint/src/v2/custom_lint_analyzer_plugin.dart:160:22)
<asynchronous suspension>

[WrapWithConsumer] 2023-10-12T05:34:12.143842 Plugin WrapWithConsumer threw while analyzing D:\hall_foods\lib\pages\home_page\dashboard\dashboard.dart:
[WrapWithConsumer] 2023-10-12T05:34:12.143842 InconsistentAnalysisException: Requested result might be inconsistent with previously returned results
[WrapWithConsumer] 2023-10-12T05:34:12.143842
[WrapWithConsumer] 2023-10-12T05:34:12.143842 #0      AnalysisSessionImpl._checkConsistency (package:analyzer/src/dart/analysis/session.dart:135:7)
[WrapWithConsumer] 2023-10-12T05:34:12.143842 #1      AnalysisSessionImpl.getResolvedUnit (package:analyzer/src/dart/analysis/session.dart:121:5)
[WrapWithConsumer] 2023-10-12T05:34:12.143842 #2      ChangeBuilderImpl._createDartFileEditBuilder (package:analyzer_plugin/src/utilities/change_builder/change_builder_core.dart:287:33)
[WrapWithConsumer] 2023-10-12T05:34:12.143842 #3      ChangeBuilderImpl.addDartFileEdit (package:analyzer_plugin/src/utilities/change_builder/change_builder_core.dart:136:23)
[WrapWithConsumer] 2023-10-12T05:34:12.143842 #4      _ChangeBuilderImpl.addDartFileEdit (package:custom_lint_core/src/change_reporter.dart:116:33)
[WrapWithConsumer] 2023-10-12T05:34:12.143842 #5      WrapWithConsumer.run.<anonymous closure> (package:riverpod_lint/src/assists/wrap_with_consumer.dart:35:21)
[WrapWithConsumer] 2023-10-12T05:34:12.143842 #6      _rootRunUnary (dart:async/zone.dart:1415:13)
[WrapWithConsumer] 2023-10-12T05:34:12.143842 #7      _CustomZone.runUnary (dart:async/zone.dart:1308:19)
[WrapWithConsumer] 2023-10-12T05:34:12.143842 #8      LinterVisitor._runSubscriptions (package:custom_lint_core/src/node_lint_visitor.g.dart:29:27)
[WrapWithConsumer] 2023-10-12T05:34:12.143842 #9      LinterVisitor.visitInstanceCreationExpression (package:custom_lint_core/src/node_lint_visitor.g.dart:609:5)
[WrapWithConsumer] 2023-10-12T05:34:12.143842 #10     InstanceCreationExpressionImpl.accept (package:analyzer/src/dart/ast/ast.dart:10462:15)
[WrapWithConsumer] 2023-10-12T05:34:12.143842 #11     NodeListImpl.accept (package:analyzer/src/dart/ast/ast.dart:12998:20)
[WrapWithConsumer] 2023-10-12T05:34:12.143842 #12     ListLiteralImpl.visitChildren (package:analyzer/src/dart/ast/ast.dart:11378:15)
[WrapWithConsumer] 2023-10-12T05:34:12.143842 #13     GeneralizingAstVisitor.visitNode (package:analyzer/dart/ast/visitor.dart:535:10)
[WrapWithConsumer] 2023-10-12T05:34:12.143842 #14     LinterVisitor.visitNode (package:custom_lint_core/src/node_lint_visitor.g.dart:784:11)
[WrapWithConsumer] 2023-10-12T05:34:12.143842 #15     GeneralizingAstVisitor.visitCollectionElement (package:analyzer/dart/ast/visitor.dart:208:56)
[WrapWithConsumer] 2023-10-12T05:34:12.143842 #16     LinterVisitor.visitCollectionElement (package:custom_lint_core/src/node_lint_visitor.g.dart:184:11)
[WrapWithConsumer] 2023-10-12T05:34:12.143842 #17     GeneralizingAstVisitor.visitExpression (package:analyzer/dart/ast/visitor.dart:305:42)
[WrapWithConsumer] 2023-10-12T05:34:12.143842 #18     LinterVisitor.visitExpression (package:custom_lint_core/src/node_lint_visitor.g.dart:370:11)
[WrapWithConsumer] 2023-10-12T05:34:12.143842 #19     GeneralizingAstVisitor.visitLiteral (package:analyzer/dart/ast/visitor.dart:487:36)
[WrapWithConsumer] 2023-10-12T05:34:12.143842 #20     LinterVisitor.visitLiteral (package:custom_lint_core/src/node_lint_visitor.g.dart:694:11)
[WrapWithConsumer] 2023-10-12T05:34:12.143842 #21     GeneralizingAstVisitor.visitTypedLiteral (package:analyzer/dart/ast/visitor.dart:741:46)
[WrapWithConsumer] 2023-10-12T05:34:12.143842 #22     LinterVisitor.visitTypedLiteral (package:custom_lint_core/src/node_lint_visitor.g.dart:1155:11)
[WrapWithConsumer] 2023-10-12T05:34:12.143842 #23     GeneralizingAstVisitor.visitListLiteral (package:analyzer/dart/ast/visitor.dart:482:44)
[WrapWithConsumer] 2023-10-12T05:34:12.143842 #24     LinterVisitor.visitListLiteral (package:custom_lint_core/src/node_lint_visitor.g.dart:682:11)
[WrapWithConsumer] 2023-10-12T05:34:12.143842 #25     ListLiteralImpl.accept (package:analyzer/src/dart/ast/ast.dart:11368:50)
[WrapWithConsumer] 2023-10-12T05:34:12.143842 #26     NamedExpressionImpl.visitChildren (package:analyzer/src/dart/ast/ast.dart:12584:17)
[WrapWithConsumer] 2023-10-12T05:34:12.143842 #27     GeneralizingAstVisitor.visitNode (package:analyzer/dart/ast/visitor.dart:535:10)
[WrapWithConsumer] 2023-10-12T05:34:12.143842 #28     LinterVisitor.visitNode (package:custom_lint_core/src/node_lint_visitor.g.dart:784:11)
[WrapWithConsumer] 2023-10-12T05:34:12.143842 #29     GeneralizingAstVisitor.visitCollectionElement (package:analyzer/dart/ast/visitor.dart:208:56)
[WrapWithConsumer] 2023-10-12T05:34:12.143842 #30     LinterVisitor.visitCollectionElement (package:custom_lint_core/src/node_lint_visitor.g.dart:184:11)
[WrapWithConsumer] 2023-10-12T05:34:12.143842 #31     GeneralizingAstVisitor.visitExpression (package:analyzer/dart/ast/visitor.dart:305:42)
[WrapWithConsumer] 2023-10-12T05:34:12.143842 #32     LinterVisitor.visitExpression (package:custom_lint_core/src/node_lint_visitor.g.dart:370:11)
[WrapWithConsumer] 2023-10-12T05:34:12.143842 #33     GeneralizingAstVisitor.visitNamedExpression (package:analyzer/dart/ast/visitor.dart:519:52)
[WrapWithConsumer] 2023-10-12T05:34:12.143842 #34     LinterVisitor.visitNamedExpression (package:custom_lint_core/src/node_lint_visitor.g.dart:754:11)
[WrapWithConsumer] 2023-10-12T05:34:12.143842 #35     NamedExpressionImpl.accept (package:analyzer/src/dart/ast/ast.dart:12574:50)
[WrapWithConsumer] 2023-10-12T05:34:12.143842 #36     NodeListImpl.accept (package:analyzer/src/dart/ast/ast.dart:12998:20)
[WrapWithConsumer] 2023-10-12T05:34:12.143842 #37     ArgumentListImpl.visitChildren (package:analyzer/src/dart/ast/ast.dart:510:16)
[WrapWithConsumer] 2023-10-12T05:34:12.143842 #38     GeneralizingAstVisitor.visitNode (package:analyzer/dart/ast/visitor.dart:535:10)
[WrapWithConsumer] 2023-10-12T05:34:12.143842 #39     LinterVisitor.visitNode (package:custom_lint_core/src/node_lint_visitor.g.dart:784:11)
[WrapWithConsumer] 2023-10-12T05:34:12.143842 #40     GeneralizingAstVisitor.visitArgumentList (package:analyzer/dart/ast/visitor.dart:143:46)
[WrapWithConsumer] 2023-10-12T05:34:12.143842 #41     LinterVisitor.visitArgumentList (package:custom_lint_core/src/node_lint_visitor.g.dart:58:11)
[WrapWithConsumer] 2023-10-12T05:34:12.143842 #42     ArgumentListImpl.accept (package:analyzer/src/dart/ast/ast.dart:506:50)
[WrapWithConsumer] 2023-10-12T05:34:12.143842 #43     InstanceCreationExpressionImpl.visitChildren (package:analyzer/src/dart/ast/ast.dart:10473:19)
[WrapWithConsumer] 2023-10-12T05:34:12.143842 #44     GeneralizingAstVisitor.visitNode (package:analyzer/dart/ast/visitor.dart:535:10)
[WrapWithConsumer] 2023-10-12T05:34:12.143842 #45     LinterVisitor.visitNode (package:custom_lint_core/src/node_lint_visitor.g.dart:784:11)
[WrapWithConsumer] 2023-10-12T05:34:12.143842 #46     GeneralizingAstVisitor.visitCollectionElement (package:analyzer/dart/ast/visitor.dart:208:56)
[WrapWithConsumer] 2023-10-12T05:34:12.143842 #47     LinterVisitor.visitCollectionElement (package:custom_lint_core/src/node_lint_visitor.g.dart:184:11)
[WrapWithConsumer] 2023-10-12T05:34:12.143842 #48     GeneralizingAstVisitor.visitExpression (package:analyzer/dart/ast/visitor.dart:305:42)
[WrapWithConsumer] 2023-10-12T05:34:12.143842 #49     LinterVisitor.visitExpression (package:custom_lint_core/src/node_lint_visitor.g.dart:370:11)
[WrapWithConsumer] 2023-10-12T05:34:12.143842 #50     GeneralizingAstVisitor.visitInstanceCreationExpression (package:analyzer/dart/ast/visitor.dart:443:7)
[WrapWithConsumer] 2023-10-12T05:34:12.143842 #51     LinterVisitor.visitInstanceCreationExpression (package:custom_lint_core/src/node_lint_visitor.g.dart:610:11)
[WrapWithConsumer] 2023-10-12T05:34:12.143842 #52     InstanceCreationExpressionImpl.accept (package:analyzer/src/dart/ast/ast.dart:10462:15)
[WrapWithConsumer] 2023-10-12T05:34:12.143842 #53     NodeListImpl.accept (package:analyzer/src/dart/ast/ast.dart:12998:20)
[WrapWithConsumer] 2023-10-12T05:34:12.143842 #54     ListLiteralImpl.visitChildren (package:analyzer/src/dart/ast/ast.dart:11378:15)
[WrapWithConsumer] 2023-10-12T05:34:12.143842 #55     GeneralizingAstVisitor.visitNode (package:analyzer/dart/ast/visitor.dart:535:10)
[WrapWithConsumer] 2023-10-12T05:34:12.143842 #56     LinterVisitor.visitNode (package:custom_lint_core/src/node_lint_visitor.g.dart:784:11)
[WrapWithConsumer] 2023-10-12T05:34:12.143842 #57     GeneralizingAstVisitor.visitCollectionElement (package:analyzer/dart/ast/visitor.dart:208:56)
[WrapWithConsumer] 2023-10-12T05:34:12.143842 #58     LinterVisitor.visitCollectionElement (package:custom_lint_core/src/node_lint_visitor.g.dart:184:11)
[WrapWithConsumer] 2023-10-12T05:34:12.143842 #59     GeneralizingAstVisitor.visitExpression (package:analyzer/dart/ast/visitor.dart:305:42)
[WrapWithConsumer] 2023-10-12T05:34:12.143842 #60     LinterVisitor.visitExpression (package:custom_lint_core/src/node_lint_visitor.g.dart:370:11)
[WrapWithConsumer] 2023-10-12T05:34:12.143842 #61     GeneralizingAstVisitor.visitLiteral (package:analyzer/dart/ast/visitor.dart:487:36)
[WrapWithConsumer] 2023-10-12T05:34:12.143842 #62     LinterVisitor.visitLiteral (package:custom_lint_core/src/node_lint_visitor.g.dart:694:11)
[WrapWithConsumer] 2023-10-12T05:34:12.143842 #63     GeneralizingAstVisitor.visitTypedLiteral (package:analyzer/dart/ast/visitor.dart:741:46)
[WrapWithConsumer] 2023-10-12T05:34:12.143842 #64     LinterVisitor.visitTypedLiteral (package:custom_lint_core/src/node_lint_visitor.g.dart:1155:11)
[WrapWithConsumer] 2023-10-12T05:34:12.143842 #65     GeneralizingAstVisitor.visitListLiteral (package:analyzer/dart/ast/visitor.dart:482:44)
[WrapWithConsumer] 2023-10-12T05:34:12.143842 #66     LinterVisitor.visitListLiteral (package:custom_lint_core/src/node_lint_visitor.g.dart:682:11)
[WrapWithConsumer] 2023-10-12T05:34:12.143842 #67     ListLiteralImpl.accept (package:analyzer/src/dart/ast/ast.dart:11368:50)
[WrapWithConsumer] 2023-10-12T05:34:12.143842 #68     NamedExpressionImpl.visitChildren (package:analyzer/src/dart/ast/ast.dart:12584:17)
[WrapWithConsumer] 2023-10-12T05:34:12.143842 #69     GeneralizingAstVisitor.visitNode (package:analyzer/dart/ast/visitor.dart:535:10)
[WrapWithConsumer] 2023-10-12T05:34:12.143842 #70     LinterVisitor.visitNode (package:custom_lint_core/src/node_lint_visitor.g.dart:784:11)
[WrapWithConsumer] 2023-10-12T05:34:12.143842 #71     GeneralizingAstVisitor.visitCollectionElement (package:analyzer/dart/ast/visitor.dart:208:56)
[WrapWithConsumer] 2023-10-12T05:34:12.143842 #72     LinterVisitor.visitCollectionElement (package:custom_lint_core/src/node_lint_visitor.g.dart:184:11)
[WrapWithConsumer] 2023-10-12T05:34:12.143842 #73     GeneralizingAstVisitor.visitExpression (package:analyzer/dart/ast/visitor.dart:305:42)
[WrapWithConsumer] 2023-10-12T05:34:12.143842 #74     LinterVisitor.visitExpression (package:custom_lint_core/src/node_lint_visitor.g.dart:370:11)
[WrapWithConsumer] 2023-10-12T05:34:12.143842 #75     GeneralizingAstVisitor.visitNamedExpression (package:analyzer/dart/ast/visitor.dart:519:52)
[WrapWithConsumer] 2023-10-12T05:34:12.143842 #76     LinterVisitor.visitNamedExpression (package:custom_lint_core/src/node_lint_visitor.g.dart:754:11)
[WrapWithConsumer] 2023-10-12T05:34:12.143842 #77     NamedExpressionImpl.accept (package:analyzer/src/dart/ast/ast.dart:12574:50)
[WrapWithConsumer] 2023-10-12T05:34:12.143842 #78     NodeListImpl.accept (package:analyzer/src/dart/ast/ast.dart:12998:20)
[WrapWithConsumer] 2023-10-12T05:34:12.143842 #79     ArgumentListImpl.visitChildren (package:analyzer/src/dart/ast/ast.dart:510:16)
[WrapWithConsumer] 2023-10-12T05:34:12.143842 #80     GeneralizingAstVisitor.visitNode (package:analyzer/dart/ast/visitor.dart:535:10)
[WrapWithConsumer] 2023-10-12T05:34:12.143842 #81     LinterVisitor.visitNode (package:custom_lint_core/src/node_lint_visitor.g.dart:784:11)
[WrapWithConsumer] 2023-10-12T05:34:12.143842 #82     GeneralizingAstVisitor.visitArgumentList (package:analyzer/dart/ast/visitor.dart:143:46)
[WrapWithConsumer] 2023-10-12T05:34:12.143842 #83     LinterVisitor.visitArgumentList (package:custom_lint_core/src/node_lint_visitor.g.dart:58:11)
[WrapWithConsumer] 2023-10-12T05:34:12.143842 #84     ArgumentListImpl.accept (package:analyzer/src/dart/ast/ast.dart:506:50)
[WrapWithConsumer] 2023-10-12T05:34:12.143842 #85     InstanceCreationExpressionImpl.visitChildren (package:analyzer/src/dart/ast/ast.dart:10473:19)
[WrapWithConsumer] 2023-10-12T05:34:12.143842 #86     GeneralizingAstVisitor.visitNode (package:analyzer/dart/ast/visitor.dart:535:10)
[WrapWithConsumer] 2023-10-12T05:34:12.143842 #87     LinterVisitor.visitNode (package:custom_lint_core/src/node_lint_visitor.g.dart:784:11)
[WrapWithConsumer] 2023-10-12T05:34:12.143842 #88     GeneralizingAstVisitor.visitCollectionElement (package:analyzer/dart/ast/visitor.dart:208:56)
[WrapWithConsumer] 2023-10-12T05:34:12.143842 #89     LinterVisitor.visitCollectionElement (package:custom_lint_core/src/node_lint_visitor.g.dart:184:11)
[WrapWithConsumer] 2023-10-12T05:34:12.143842 #90     GeneralizingAstVisitor.visitExpression (package:analyzer/dart/ast/visitor.dart:305:42)
[WrapWithConsumer] 2023-10-12T05:34:12.143842 #91     LinterVisitor.visitExpression (package:custom_lint_core/src/node_lint_visitor.g.dart:370:11)
[WrapWithConsumer] 2023-10-12T05:34:12.143842 #92     GeneralizingAstVisitor.visitInstanceCreationExpression (package:analyzer/dart/ast/visitor.dart:443:7)
[WrapWithConsumer] 2023-10-12T05:34:12.143842 #93     LinterVisitor.visitInstanceCreationExpression (package:custom_lint_core/src/node_lint_visitor.g.dart:610:11)
[WrapWithConsumer] 2023-10-12T05:34:12.143842 #94     InstanceCreationExpressionImpl.accept (package:analyzer/src/dart/ast/ast.dart:10462:15)
[WrapWithConsumer] 2023-10-12T05:34:12.143842 #95     NamedExpressionImpl.visitChildren (package:analyzer/src/dart/ast/ast.dart:12584:17)
[WrapWithConsumer] 2023-10-12T05:34:12.143842 #96     GeneralizingAstVisitor.visitNode (package:analyzer/dart/ast/visitor.dart:535:10)
[WrapWithConsumer] 2023-10-12T05:34:12.143842 #97     LinterVisitor.visitNode (package:custom_lint_core/src/node_lint_visitor.g.dart:784:11)
[WrapWithConsumer] 2023-10-12T05:34:12.143842 #98     GeneralizingAstVisitor.visitCollectionElement (package:analyzer/dart/ast/visitor.dart:208:56)
[WrapWithConsumer] 2023-10-12T05:34:12.143842 #99     LinterVisitor.visitCollectionElement (package:custom_lint_core/src/node_lint_visitor.g.dart:184:11)
[WrapWithConsumer] 2023-10-12T05:34:12.143842 #100    GeneralizingAstVisitor.visitExpression (package:analyzer/dart/ast/visitor.dart:305:42)
[WrapWithConsumer] 2023-10-12T05:34:12.143842 #101    LinterVisitor.visitExpression (package:custom_lint_core/src/node_lint_visitor.g.dart:370:11)
[WrapWithConsumer] 2023-10-12T05:34:12.143842 #102    GeneralizingAstVisitor.visitNamedExpression (package:analyzer/dart/ast/visitor.dart:519:52)
[WrapWithConsumer] 2023-10-12T05:34:12.143842 #103    LinterVisitor.visitNamedExpression (package:custom_lint_core/src/node_lint_visitor.g.dart:754:11)
[WrapWithConsumer] 2023-10-12T05:34:12.143842 #104    NamedExpressionImpl.accept (package:analyzer/src/dart/ast/ast.dart:12574:50)
[WrapWithConsumer] 2023-10-12T05:34:12.143842 #105    NodeListImpl.accept (package:analyzer/src/dart/ast/ast.dart:12998:20)
[WrapWithConsumer] 2023-10-12T05:34:12.143842 #106    ArgumentListImpl.visitChildren (package:analyzer/src/dart/ast/ast.dart:510:16)
[WrapWithConsumer] 2023-10-12T05:34:12.143842 #107    GeneralizingAstVisitor.visitNode (package:analyzer/dart/ast/visitor.dart:535:10)
[WrapWithConsumer] 2023-10-12T05:34:12.143842 #108    LinterVisitor.visitNode (package:custom_lint_core/src/node_lint_visitor.g.dart:784:11)
[WrapWithConsumer] 2023-10-12T05:34:12.143842 #109    GeneralizingAstVisitor.visitArgumentList (package:analyzer/dart/ast/visitor.dart:143:46)
[WrapWithConsumer] 2023-10-12T05:34:12.143842 #110    LinterVisitor.visitArgumentList (package:custom_lint_core/src/node_lint_visitor.g.dart:58:11)
[WrapWithConsumer] 2023-10-12T05:34:12.143842 #111    ArgumentListImpl.accept (package:analyzer/src/dart/ast/ast.dart:506:50)
[WrapWithConsumer] 2023-10-12T05:34:12.143842 #112    InstanceCreationExpressionImpl.visitChildren (package:analyzer/src/dart/ast/ast.dart:10473:19)
[WrapWithConsumer] 2023-10-12T05:34:12.143842 #113    GeneralizingAstVisitor.visitNode (package:analyzer/dart/ast/visitor.dart:535:10)
[WrapWithConsumer] 2023-10-12T05:34:12.143842 #114    LinterVisitor.visitNode (package:custom_lint_core/src/node_lint_visitor.g.dart:784:11)
[WrapWithConsumer] 2023-10-12T05:34:12.143842 #115    GeneralizingAstVisitor.visitCollectionElement (package:analyzer/dart/ast/visitor.dart:208:56)
[WrapWithConsumer] 2023-10-12T05:34:12.143842 #116    LinterVisitor.visitCollectionElement (package:custom_lint_core/src/node_lint_visitor.g.dart:184:11)
[WrapWithConsumer] 2023-10-12T05:34:12.143842 #117    GeneralizingAstVisitor.visitExpression (package:analyzer/dart/ast/visitor.dart:305:42)
[WrapWithConsumer] 2023-10-12T05:34:12.143842 #118    LinterVisitor.visitExpression (package:custom_lint_core/src/node_lint_visitor.g.dart:370:11)
[WrapWithConsumer] 2023-10-12T05:34:12.143842 #119    GeneralizingAstVisitor.visitInstanceCreationExpression (package:analyzer/dart/ast/visitor.dart:443:7)
[WrapWithConsumer] 2023-10-12T05:34:12.143842 #120    LinterVisitor.visitInstanceCreationExpression (package:custom_lint_core/src/node_lint_visitor.g.dart:610:11)
[WrapWithConsumer] 2023-10-12T05:34:12.143842 #121    InstanceCreationExpressionImpl.accept (package:analyzer/src/dart/ast/ast.dart:10462:15)
[WrapWithConsumer] 2023-10-12T05:34:12.143842 #122    NamedExpressionImpl.visitChildren (package:analyzer/src/dart/ast/ast.dart:12584:17)
[WrapWithConsumer] 2023-10-12T05:34:12.143842 #123    GeneralizingAstVisitor.visitNode (package:analyzer/dart/ast/visitor.dart:535:10)
[WrapWithConsumer] 2023-10-12T05:34:12.143842 #124    LinterVisitor.visitNode (package:custom_lint_core/src/node_lint_visitor.g.dart:784:11)
[WrapWithConsumer] 2023-10-12T05:34:12.143842 #125    GeneralizingAstVisitor.visitCollectionElement (package:analyzer/dart/ast/visitor.dart:208:56)
[WrapWithConsumer] 2023-10-12T05:34:12.143842 #126    LinterVisitor.visitCollectionElement (package:custom_lint_core/src/node_lint_visitor.g.dart:184:11)
[WrapWithConsumer] 2023-10-12T05:34:12.143842 #127    GeneralizingAstVisitor.visitExpression (package:analyzer/dart/ast/visitor.dart:305:42)
[WrapWithConsumer] 2023-10-12T05:34:12.143842 #128    LinterVisitor.visitExpression (package:custom_lint_core/src/node_lint_visitor.g.dart:370:11)
[WrapWithConsumer] 2023-10-12T05:34:12.143842 #129    GeneralizingAstVisitor.visitNamedExpression (package:analyzer/dart/ast/visitor.dart:519:52)
[WrapWithConsumer] 2023-10-12T05:34:12.143842 #130    LinterVisitor.visitNamedExpression (package:custom_lint_core/src/node_lint_visitor.g.dart:754:11)
[WrapWithConsumer] 2023-10-12T05:34:12.143842 #131    NamedExpressionImpl.accept (package:analyzer/src/dart/ast/ast.dart:12574:50)
[WrapWithConsumer] 2023-10-12T05:34:12.143842 #132    NodeListImpl.accept (package:analyzer/src/dart/ast/ast.dart:12998:20)
[WrapWithConsumer] 2023-10-12T05:34:12.143842 #133    ArgumentListImpl.visitChildren (package:analyzer/src/dart/ast/ast.dart:510:16)
[WrapWithConsumer] 2023-10-12T05:34:12.143842 #134    GeneralizingAstVisitor.visitNode (package:analyzer/dart/ast/visitor.dart:535:10)
[WrapWithConsumer] 2023-10-12T05:34:12.143842 #135    LinterVisitor.visitNode (package:custom_lint_core/src/node_lint_visitor.g.dart:784:11)
[WrapWithConsumer] 2023-10-12T05:34:12.143842 #136    GeneralizingAstVisitor.visitArgumentList (package:analyzer/dart/ast/visitor.dart:143:46)
[WrapWithConsumer] 2023-10-12T05:34:12.143842 #137    LinterVisitor.visitArgumentList (package:custom_lint_core/src/node_lint_visitor.g.dart:58:11)
[WrapWithConsumer] 2023-10-12T05:34:12.143842 #138    ArgumentListImpl.accept (package:analyzer/src/dart/ast/ast.dart:506:50)
[WrapWithConsumer] 2023-10-12T05:34:12.143842 #139    InstanceCreationExpressionImpl.visitChildren (package:analyzer/src/dart/ast/ast.dart:10473:19)
[WrapWithConsumer] 2023-10-12T05:34:12.143842 #140    GeneralizingAstVisitor.visitNode (package:analyzer/dart/ast/visitor.dart:535:10)
[WrapWithConsumer] 2023-10-12T05:34:12.143842 #141    LinterVisitor.visitNode (package:custom_lint_core/src/node_lint_visitor.g.dart:784:11)
[WrapWithConsumer] 2023-10-12T05:34:12.143842 #142    GeneralizingAstVisitor.visitCollectionElement (package:analyzer/dart/ast/visitor.dart:208:56)
[WrapWithConsumer] 2023-10-12T05:34:12.143842 #143    LinterVisitor.visitCollectionElement (package:custom_lint_core/src/node_lint_visitor.g.dart:184:11)
[WrapWithConsumer] 2023-10-12T05:34:12.143842 #144    GeneralizingAstVisitor.visitExpression (package:analyzer/dart/ast/visitor.dart:305:42)
[WrapWithConsumer] 2023-10-12T05:34:12.143842 #145    LinterVisitor.visitExpression (package:custom_lint_core/src/node_lint_visitor.g.dart:370:11)
[WrapWithConsumer] 2023-10-12T05:34:12.143842 #146    GeneralizingAstVisitor.visitInstanceCreationExpression (package:analyzer/dart/ast/visitor.dart:443:7)
[WrapWithConsumer] 2023-10-12T05:34:12.143842 #147    LinterVisitor.visitInstanceCreationExpression (package:custom_lint_core/src/node_lint_visitor.g.dart:610:11)
[WrapWithConsumer] 2023-10-12T05:34:12.143842 #148    InstanceCreationExpressionImpl.accept (package:analyzer/src/dart/ast/ast.dart:10462:15)
[WrapWithConsumer] 2023-10-12T05:34:12.143842 #149    ReturnStatementImpl.visitChildren (package:analyzer/src/dart/ast/ast.dart:15652:18)
[WrapWithConsumer] 2023-10-12T05:34:12.143842 #150    GeneralizingAstVisitor.visitNode (package:analyzer/dart/ast/visitor.dart:535:10)
[WrapWithConsumer] 2023-10-12T05:34:12.143842 #151    LinterVisitor.visitNode (package:custom_lint_core/src/node_lint_visitor.g.dart:784:11)
[WrapWithConsumer] 2023-10-12T05:34:12.143842 #152    GeneralizingAstVisitor.visitStatement (package:analyzer/dart/ast/visitor.dart:679:40)
[WrapWithConsumer] 2023-10-12T05:34:12.143842 #153    LinterVisitor.visitStatement (package:custom_lint_core/src/node_lint_visitor.g.dart:1029:11)
[WrapWithConsumer] 2023-10-12T05:34:12.143842 #154    GeneralizingAstVisitor.visitReturnStatement (package:analyzer/dart/ast/visitor.dart:651:52)
[WrapWithConsumer] 2023-10-12T05:34:12.143842 #155    LinterVisitor.visitReturnStatement (package:custom_lint_core/src/node_lint_visitor.g.dart:975:11)
[WrapWithConsumer] 2023-10-12T05:34:12.143842 #156    ReturnStatementImpl.accept (package:analyzer/src/dart/ast/ast.dart:15648:50)
[WrapWithConsumer] 2023-10-12T05:34:12.143842 #157    NodeListImpl.accept (package:analyzer/src/dart/ast/ast.dart:12998:20)
[WrapWithConsumer] 2023-10-12T05:34:12.143842 #158    BlockImpl.visitChildren (package:analyzer/src/dart/ast/ast.dart:1979:17)
[WrapWithConsumer] 2023-10-12T05:34:12.143842 #159    GeneralizingAstVisitor.visitNode (package:analyzer/dart/ast/visitor.dart:535:10)
[WrapWithConsumer] 2023-10-12T05:34:12.143842 #160    LinterVisitor.visitNode (package:custom_lint_core/src/node_lint_visitor.g.dart:784:11)
[WrapWithConsumer] 2023-10-12T05:34:12.143842 #161    GeneralizingAstVisitor.visitStatement (package:analyzer/dart/ast/visitor.dart:679:40)
[WrapWithConsumer] 2023-10-12T05:34:12.143842 #162    LinterVisitor.visitStatement (package:custom_lint_core/src/node_lint_visitor.g.dart:1029:11)
[WrapWithConsumer] 2023-10-12T05:34:12.143842 #163    GeneralizingAstVisitor.visitBlock (package:analyzer/dart/ast/visitor.dart:173:32)
[WrapWithConsumer] 2023-10-12T05:34:12.143842 #164    LinterVisitor.visitBlock (package:custom_lint_core/src/node_lint_visitor.g.dart:112:11)
[WrapWithConsumer] 2023-10-12T05:34:12.143842 #165    BlockImpl.accept (package:analyzer/src/dart/ast/ast.dart:1975:50)
[WrapWithConsumer] 2023-10-12T05:34:12.143842 #166    BlockFunctionBodyImpl.visitChildren (package:analyzer/src/dart/ast/ast.dart:1930:12)
[WrapWithConsumer] 2023-10-12T05:34:12.143842 #167    GeneralizingAstVisitor.visitNode (package:analyzer/dart/ast/visitor.dart:535:10)
[WrapWithConsumer] 2023-10-12T05:34:12.143842 #168    LinterVisitor.visitNode (package:custom_lint_core/src/node_lint_visitor.g.dart:784:11)
[WrapWithConsumer] 2023-10-12T05:34:12.143842 #169    GeneralizingAstVisitor.visitFunctionBody (package:analyzer/dart/ast/visitor.dart:373:46)
[WrapWithConsumer] 2023-10-12T05:34:12.143842 #170    LinterVisitor.visitFunctionBody (package:custom_lint_core/src/node_lint_visitor.g.dart:490:11)
[WrapWithConsumer] 2023-10-12T05:34:12.143842 #171    GeneralizingAstVisitor.visitBlockFunctionBody (package:analyzer/dart/ast/visitor.dart:176:56)
[WrapWithConsumer] 2023-10-12T05:34:12.143842 #172    LinterVisitor.visitBlockFunctionBody (package:custom_lint_core/src/node_lint_visitor.g.dart:118:11)
[WrapWithConsumer] 2023-10-12T05:34:12.143842 #173    BlockFunctionBodyImpl.accept (package:analyzer/src/dart/ast/ast.dart:1922:50)
[WrapWithConsumer] 2023-10-12T05:34:12.143842 #174    MethodDeclarationImpl.visitChildren (package:analyzer/src/dart/ast/ast.dart:12125:10)
[WrapWithConsumer] 2023-10-12T05:34:12.143842 #175    GeneralizingAstVisitor.visitNode (package:analyzer/dart/ast/visitor.dart:535:10)
[WrapWithConsumer] 2023-10-12T05:34:12.143842 #176    LinterVisitor.visitNode (package:custom_lint_core/src/node_lint_visitor.g.dart:784:11)
[WrapWithConsumer] 2023-10-12T05:34:12.143842 #177    GeneralizingAstVisitor.visitAnnotatedNode (package:analyzer/dart/ast/visitor.dart:137:48)
[WrapWithConsumer] 2023-10-12T05:34:12.143842 #178    LinterVisitor.visitAnnotatedNode (package:custom_lint_core/src/node_lint_visitor.g.dart:46:11)
[WrapWithConsumer] 2023-10-12T05:34:12.143842 #179    GeneralizingAstVisitor.visitDeclaration (package:analyzer/dart/ast/visitor.dart:260:44)
[WrapWithConsumer] 2023-10-12T05:34:12.143842 #180    LinterVisitor.visitDeclaration (package:custom_lint_core/src/node_lint_visitor.g.dart:286:11)
[WrapWithConsumer] 2023-10-12T05:34:12.143842 #181    GeneralizingAstVisitor.visitClassMember (package:analyzer/dart/ast/visitor.dart:203:44)
[WrapWithConsumer] 2023-10-12T05:34:12.143842 #182    LinterVisitor.visitClassMember (package:custom_lint_core/src/node_lint_visitor.g.dart:172:11)
[WrapWithConsumer] 2023-10-12T05:34:12.143842 #183    GeneralizingAstVisitor.visitMethodDeclaration (package:analyzer/dart/ast/visitor.dart:505:56)
[WrapWithConsumer] 2023-10-12T05:34:12.143842 #184    LinterVisitor.visitMethodDeclaration (package:custom_lint_core/src/node_lint_visitor.g.dart:730:11)
[WrapWithConsumer] 2023-10-12T05:34:12.143842 #185    MethodDeclarationImpl.accept (package:analyzer/src/dart/ast/ast.dart:12117:50)
[WrapWithConsumer] 2023-10-12T05:34:12.143842 #186    NodeListImpl.accept (package:analyzer/src/dart/ast/ast.dart:12998:20)
[WrapWithConsumer] 2023-10-12T05:34:12.143842 #187    ClassDeclarationImpl.visitChildren (package:analyzer/src/dart/ast/ast.dart:2903:13)
[WrapWithConsumer] 2023-10-12T05:34:12.143842 #188    GeneralizingAstVisitor.visitNode (package:analyzer/dart/ast/visitor.dart:535:10)
[WrapWithConsumer] 2023-10-12T05:34:12.143842 #189    LinterVisitor.visitNode (package:custom_lint_core/src/node_lint_visitor.g.dart:784:11)
[WrapWithConsumer] 2023-10-12T05:34:12.143842 #190    GeneralizingAstVisitor.visitAnnotatedNode (package:analyzer/dart/ast/visitor.dart:137:48)
[WrapWithConsumer] 2023-10-12T05:34:12.143842 #191    LinterVisitor.visitAnnotatedNode (package:custom_lint_core/src/node_lint_visitor.g.dart:46:11)
[WrapWithConsumer] 2023-10-12T05:34:12.143842 #192    GeneralizingAstVisitor.visitDeclaration (package:analyzer/dart/ast/visitor.dart:260:44)
[WrapWithConsumer] 2023-10-12T05:34:12.143842 #193    LinterVisitor.visitDeclaration (package:custom_lint_core/src/node_lint_visitor.g.dart:286:11)
[WrapWithConsumer] 2023-10-12T05:34:12.143842 #194    GeneralizingAstVisitor.visitCompilationUnitMember (package:analyzer/dart/ast/visitor.dart:222:7)
[WrapWithConsumer] 2023-10-12T05:34:12.143842 #195    LinterVisitor.visitCompilationUnitMember (package:custom_lint_core/src/node_lint_visitor.g.dart:214:11)
[WrapWithConsumer] 2023-10-12T05:34:12.143842 #196    GeneralizingAstVisitor.visitNamedCompilationUnitMember (package:analyzer/dart/ast/visitor.dart:516:7)
[WrapWithConsumer] 2023-10-12T05:34:12.143842 #197    LinterVisitor.visitNamedCompilationUnitMember (package:custom_lint_core/src/node_lint_visitor.g.dart:748:11)
[WrapWithConsumer] 2023-10-12T05:34:12.143842 #198    GeneralizingAstVisitor.visitClassDeclaration (package:analyzer/dart/ast/visitor.dart:201:7)
[WrapWithConsumer] 2023-10-12T05:34:12.143842 #199    LinterVisitor.visitClassDeclaration (package:custom_lint_core/src/node_lint_visitor.g.dart:166:11)
[WrapWithConsumer] 2023-10-12T05:34:12.143842 #200    ClassDeclarationImpl.accept (package:analyzer/src/dart/ast/ast.dart:2893:50)
[WrapWithConsumer] 2023-10-12T05:34:12.143842 #201    NodeListImpl.accept (package:analyzer/src/dart/ast/ast.dart:12998:20)
[WrapWithConsumer] 2023-10-12T05:34:12.143842 #202    CompilationUnitImpl.visitChildren (package:analyzer/src/dart/ast/ast.dart:3631:21)
[WrapWithConsumer] 2023-10-12T05:34:12.143842 #203    GeneralizingAstVisitor.visitNode (package:analyzer/dart/ast/visitor.dart:535:10)
[WrapWithConsumer] 2023-10-12T05:34:12.143842 #204    LinterVisitor.visitNode (package:custom_lint_core/src/node_lint_visitor.g.dart:784:11)
[WrapWithConsumer] 2023-10-12T05:34:12.143842 #205    GeneralizingAstVisitor.visitCompilationUnit (package:analyzer/dart/ast/visitor.dart:219:52)
[WrapWithConsumer] 2023-10-12T05:34:12.143842 #206    LinterVisitor.visitCompilationUnit (package:custom_lint_core/src/node_lint_visitor.g.dart:208:11)
[WrapWithConsumer] 2023-10-12T05:34:12.143842 #207    CompilationUnitImpl.accept (package:analyzer/src/dart/ast/ast.dart:3624:50)
[WrapWithConsumer] 2023-10-12T05:34:12.143842 #208    DartAssist.startUp.<anonymous closure> (package:custom_lint_core/src/assist.dart:81:17)
[WrapWithConsumer] 2023-10-12T05:34:12.143842 #209    _rootRun (dart:async/zone.dart:1399:13)
[WrapWithConsumer] 2023-10-12T05:34:12.143842 #210    _CustomZone.run (dart:async/zone.dart:1301:19)
[WrapWithConsumer] 2023-10-12T05:34:12.143842 #211    _CustomZone.bindCallback.<anonymous closure> (dart:async/zone.dart:1233:23)
[WrapWithConsumer] 2023-10-12T05:34:12.143842 #212    runPostRunCallbacks (package:custom_lint_core/src/plugin_base.dart:16:19)
[WrapWithConsumer] 2023-10-12T05:34:12.143842 #213    _ClientAnalyzerPlugin.handleEditGetAssists (package:custom_lint_builder/src/client.dart:463:5)
[WrapWithConsumer] 2023-10-12T05:34:12.143842 <asynchronous suspension>
[WrapWithConsumer] 2023-10-12T05:34:12.143842 #214    ServerPlugin._getResponse (package:analyzer_plugin/plugin/plugin.dart:556:18)
[WrapWithConsumer] 2023-10-12T05:34:12.143842 <asynchronous suspension>
[WrapWithConsumer] 2023-10-12T05:34:12.143842 #215    ServerPlugin._onRequest (package:analyzer_plugin/plugin/plugin.dart:599:18)
[WrapWithConsumer] 2023-10-12T05:34:12.143842 <asynchronous suspension>
[WrapWithConsumer] 2023-10-12T05:34:12.143842
[WrapWithProviderScope] 2023-10-12T05:34:12.153852 Plugin WrapWithProviderScope threw while analyzing D:\hall_foods\lib\pages\home_page\dashboard\dashboard.dart:
[WrapWithProviderScope] 2023-10-12T05:34:12.153852 InconsistentAnalysisException: Requested result might be inconsistent with previously returned results
[WrapWithProviderScope] 2023-10-12T05:34:12.153852
[WrapWithProviderScope] 2023-10-12T05:34:12.153852 #0      AnalysisSessionImpl._checkConsistency (package:analyzer/src/dart/analysis/session.dart:135:7)
[WrapWithProviderScope] 2023-10-12T05:34:12.153852 #1      AnalysisSessionImpl.getResolvedUnit (package:analyzer/src/dart/analysis/session.dart:121:5)
[WrapWithProviderScope] 2023-10-12T05:34:12.153852 #2      ChangeBuilderImpl._createDartFileEditBuilder (package:analyzer_plugin/src/utilities/change_builder/change_builder_core.dart:287:33)
[WrapWithProviderScope] 2023-10-12T05:34:12.153852 #3      ChangeBuilderImpl.addDartFileEdit (package:analyzer_plugin/src/utilities/change_builder/change_builder_core.dart:136:23)
[WrapWithProviderScope] 2023-10-12T05:34:12.153852 #4      _ChangeBuilderImpl.addDartFileEdit (package:custom_lint_core/src/change_reporter.dart:116:33)
[WrapWithProviderScope] 2023-10-12T05:34:12.153852 #5      WrapWithProviderScope.run.<anonymous closure> (package:riverpod_lint/src/assists/wrap_with_provider_scope.dart:33:21)
[WrapWithProviderScope] 2023-10-12T05:34:12.153852 #6      _rootRunUnary (dart:async/zone.dart:1415:13)
[WrapWithProviderScope] 2023-10-12T05:34:12.153852 #7      _CustomZone.runUnary (dart:async/zone.dart:1308:19)
[WrapWithProviderScope] 2023-10-12T05:34:12.153852 #8      LinterVisitor._runSubscriptions (package:custom_lint_core/src/node_lint_visitor.g.dart:29:27)
[WrapWithProviderScope] 2023-10-12T05:34:12.153852 #9      LinterVisitor.visitInstanceCreationExpression (package:custom_lint_core/src/node_lint_visitor.g.dart:609:5)
[WrapWithProviderScope] 2023-10-12T05:34:12.153852 #10     InstanceCreationExpressionImpl.accept (package:analyzer/src/dart/ast/ast.dart:10462:15)
[WrapWithProviderScope] 2023-10-12T05:34:12.153852 #11     NodeListImpl.accept (package:analyzer/src/dart/ast/ast.dart:12998:20)
[WrapWithProviderScope] 2023-10-12T05:34:12.153852 #12     ListLiteralImpl.visitChildren (package:analyzer/src/dart/ast/ast.dart:11378:15)
[WrapWithProviderScope] 2023-10-12T05:34:12.153852 #13     GeneralizingAstVisitor.visitNode (package:analyzer/dart/ast/visitor.dart:535:10)
[WrapWithProviderScope] 2023-10-12T05:34:12.153852 #14     LinterVisitor.visitNode (package:custom_lint_core/src/node_lint_visitor.g.dart:784:11)
[WrapWithProviderScope] 2023-10-12T05:34:12.153852 #15     GeneralizingAstVisitor.visitCollectionElement (package:analyzer/dart/ast/visitor.dart:208:56)
[WrapWithProviderScope] 2023-10-12T05:34:12.153852 #16     LinterVisitor.visitCollectionElement (package:custom_lint_core/src/node_lint_visitor.g.dart:184:11)
[WrapWithProviderScope] 2023-10-12T05:34:12.153852 #17     GeneralizingAstVisitor.visitExpression (package:analyzer/dart/ast/visitor.dart:305:42)
[WrapWithProviderScope] 2023-10-12T05:34:12.153852 #18     LinterVisitor.visitExpression (package:custom_lint_core/src/node_lint_visitor.g.dart:370:11)
[WrapWithProviderScope] 2023-10-12T05:34:12.153852 #19     GeneralizingAstVisitor.visitLiteral (package:analyzer/dart/ast/visitor.dart:487:36)
[WrapWithProviderScope] 2023-10-12T05:34:12.153852 #20     LinterVisitor.visitLiteral (package:custom_lint_core/src/node_lint_visitor.g.dart:694:11)
[WrapWithProviderScope] 2023-10-12T05:34:12.153852 #21     GeneralizingAstVisitor.visitTypedLiteral (package:analyzer/dart/ast/visitor.dart:741:46)
[WrapWithProviderScope] 2023-10-12T05:34:12.153852 #22     LinterVisitor.visitTypedLiteral (package:custom_lint_core/src/node_lint_visitor.g.dart:1155:11)
[WrapWithProviderScope] 2023-10-12T05:34:12.153852 #23     GeneralizingAstVisitor.visitListLiteral (package:analyzer/dart/ast/visitor.dart:482:44)
[WrapWithProviderScope] 2023-10-12T05:34:12.153852 #24     LinterVisitor.visitListLiteral (package:custom_lint_core/src/node_lint_visitor.g.dart:682:11)
[WrapWithProviderScope] 2023-10-12T05:34:12.153852 #25     ListLiteralImpl.accept (package:analyzer/src/dart/ast/ast.dart:11368:50)
[WrapWithProviderScope] 2023-10-12T05:34:12.153852 #26     NamedExpressionImpl.visitChildren (package:analyzer/src/dart/ast/ast.dart:12584:17)
[WrapWithProviderScope] 2023-10-12T05:34:12.153852 #27     GeneralizingAstVisitor.visitNode (package:analyzer/dart/ast/visitor.dart:535:10)
[WrapWithProviderScope] 2023-10-12T05:34:12.153852 #28     LinterVisitor.visitNode (package:custom_lint_core/src/node_lint_visitor.g.dart:784:11)
[WrapWithProviderScope] 2023-10-12T05:34:12.153852 #29     GeneralizingAstVisitor.visitCollectionElement (package:analyzer/dart/ast/visitor.dart:208:56)
[WrapWithProviderScope] 2023-10-12T05:34:12.153852 #30     LinterVisitor.visitCollectionElement (package:custom_lint_core/src/node_lint_visitor.g.dart:184:11)
[WrapWithProviderScope] 2023-10-12T05:34:12.153852 #31     GeneralizingAstVisitor.visitExpression (package:analyzer/dart/ast/visitor.dart:305:42)
[WrapWithProviderScope] 2023-10-12T05:34:12.153852 #32     LinterVisitor.visitExpression (package:custom_lint_core/src/node_lint_visitor.g.dart:370:11)
[WrapWithProviderScope] 2023-10-12T05:34:12.153852 #33     GeneralizingAstVisitor.visitNamedExpression (package:analyzer/dart/ast/visitor.dart:519:52)
[WrapWithProviderScope] 2023-10-12T05:34:12.153852 #34     LinterVisitor.visitNamedExpression (package:custom_lint_core/src/node_lint_visitor.g.dart:754:11)
[WrapWithProviderScope] 2023-10-12T05:34:12.153852 #35     NamedExpressionImpl.accept (package:analyzer/src/dart/ast/ast.dart:12574:50)
[WrapWithProviderScope] 2023-10-12T05:34:12.153852 #36     NodeListImpl.accept (package:analyzer/src/dart/ast/ast.dart:12998:20)
[WrapWithProviderScope] 2023-10-12T05:34:12.153852 #37     ArgumentListImpl.visitChildren (package:analyzer/src/dart/ast/ast.dart:510:16)
[WrapWithProviderScope] 2023-10-12T05:34:12.153852 #38     GeneralizingAstVisitor.visitNode (package:analyzer/dart/ast/visitor.dart:535:10)
[WrapWithProviderScope] 2023-10-12T05:34:12.153852 #39     LinterVisitor.visitNode (package:custom_lint_core/src/node_lint_visitor.g.dart:784:11)
[WrapWithProviderScope] 2023-10-12T05:34:12.153852 #40     GeneralizingAstVisitor.visitArgumentList (package:analyzer/dart/ast/visitor.dart:143:46)
[WrapWithProviderScope] 2023-10-12T05:34:12.153852 #41     LinterVisitor.visitArgumentList (package:custom_lint_core/src/node_lint_visitor.g.dart:58:11)
[WrapWithProviderScope] 2023-10-12T05:34:12.153852 #42     ArgumentListImpl.accept (package:analyzer/src/dart/ast/ast.dart:506:50)
[WrapWithProviderScope] 2023-10-12T05:34:12.153852 #43     InstanceCreationExpressionImpl.visitChildren (package:analyzer/src/dart/ast/ast.dart:10473:19)
[WrapWithProviderScope] 2023-10-12T05:34:12.153852 #44     GeneralizingAstVisitor.visitNode (package:analyzer/dart/ast/visitor.dart:535:10)
[WrapWithProviderScope] 2023-10-12T05:34:12.153852 #45     LinterVisitor.visitNode (package:custom_lint_core/src/node_lint_visitor.g.dart:784:11)
[WrapWithProviderScope] 2023-10-12T05:34:12.153852 #46     GeneralizingAstVisitor.visitCollectionElement (package:analyzer/dart/ast/visitor.dart:208:56)
[WrapWithProviderScope] 2023-10-12T05:34:12.153852 #47     LinterVisitor.visitCollectionElement (package:custom_lint_core/src/node_lint_visitor.g.dart:184:11)
[WrapWithProviderScope] 2023-10-12T05:34:12.153852 #48     GeneralizingAstVisitor.visitExpression (package:analyzer/dart/ast/visitor.dart:305:42)
[WrapWithProviderScope] 2023-10-12T05:34:12.153852 #49     LinterVisitor.visitExpression (package:custom_lint_core/src/node_lint_visitor.g.dart:370:11)
[WrapWithProviderScope] 2023-10-12T05:34:12.153852 #50     GeneralizingAstVisitor.visitInstanceCreationExpression (package:analyzer/dart/ast/visitor.dart:443:7)
[WrapWithProviderScope] 2023-10-12T05:34:12.153852 #51     LinterVisitor.visitInstanceCreationExpression (package:custom_lint_core/src/node_lint_visitor.g.dart:610:11)
[WrapWithProviderScope] 2023-10-12T05:34:12.153852 #52     InstanceCreationExpressionImpl.accept (package:analyzer/src/dart/ast/ast.dart:10462:15)
[WrapWithProviderScope] 2023-10-12T05:34:12.153852 #53     NodeListImpl.accept (package:analyzer/src/dart/ast/ast.dart:12998:20)
[WrapWithProviderScope] 2023-10-12T05:34:12.153852 #54     ListLiteralImpl.visitChildren (package:analyzer/src/dart/ast/ast.dart:11378:15)
[WrapWithProviderScope] 2023-10-12T05:34:12.153852 #55     GeneralizingAstVisitor.visitNode (package:analyzer/dart/ast/visitor.dart:535:10)
[WrapWithProviderScope] 2023-10-12T05:34:12.153852 #56     LinterVisitor.visitNode (package:custom_lint_core/src/node_lint_visitor.g.dart:784:11)
[WrapWithProviderScope] 2023-10-12T05:34:12.153852 #57     GeneralizingAstVisitor.visitCollectionElement (package:analyzer/dart/ast/visitor.dart:208:56)
[WrapWithProviderScope] 2023-10-12T05:34:12.153852 #58     LinterVisitor.visitCollectionElement (package:custom_lint_core/src/node_lint_visitor.g.dart:184:11)
[WrapWithProviderScope] 2023-10-12T05:34:12.153852 #59     GeneralizingAstVisitor.visitExpression (package:analyzer/dart/ast/visitor.dart:305:42)
[WrapWithProviderScope] 2023-10-12T05:34:12.153852 #60     LinterVisitor.visitExpression (package:custom_lint_core/src/node_lint_visitor.g.dart:370:11)
[WrapWithProviderScope] 2023-10-12T05:34:12.153852 #61     GeneralizingAstVisitor.visitLiteral (package:analyzer/dart/ast/visitor.dart:487:36)
[WrapWithProviderScope] 2023-10-12T05:34:12.153852 #62     LinterVisitor.visitLiteral (package:custom_lint_core/src/node_lint_visitor.g.dart:694:11)
[WrapWithProviderScope] 2023-10-12T05:34:12.153852 #63     GeneralizingAstVisitor.visitTypedLiteral (package:analyzer/dart/ast/visitor.dart:741:46)
[WrapWithProviderScope] 2023-10-12T05:34:12.153852 #64     LinterVisitor.visitTypedLiteral (package:custom_lint_core/src/node_lint_visitor.g.dart:1155:11)
[WrapWithProviderScope] 2023-10-12T05:34:12.153852 #65     GeneralizingAstVisitor.visitListLiteral (package:analyzer/dart/ast/visitor.dart:482:44)
[WrapWithProviderScope] 2023-10-12T05:34:12.153852 #66     LinterVisitor.visitListLiteral (package:custom_lint_core/src/node_lint_visitor.g.dart:682:11)
[WrapWithProviderScope] 2023-10-12T05:34:12.153852 #67     ListLiteralImpl.accept (package:analyzer/src/dart/ast/ast.dart:11368:50)
[WrapWithProviderScope] 2023-10-12T05:34:12.153852 #68     NamedExpressionImpl.visitChildren (package:analyzer/src/dart/ast/ast.dart:12584:17)
[WrapWithProviderScope] 2023-10-12T05:34:12.153852 #69     GeneralizingAstVisitor.visitNode (package:analyzer/dart/ast/visitor.dart:535:10)
[WrapWithProviderScope] 2023-10-12T05:34:12.153852 #70     LinterVisitor.visitNode (package:custom_lint_core/src/node_lint_visitor.g.dart:784:11)
[WrapWithProviderScope] 2023-10-12T05:34:12.153852 #71     GeneralizingAstVisitor.visitCollectionElement (package:analyzer/dart/ast/visitor.dart:208:56)
[WrapWithProviderScope] 2023-10-12T05:34:12.153852 #72     LinterVisitor.visitCollectionElement (package:custom_lint_core/src/node_lint_visitor.g.dart:184:11)
[WrapWithProviderScope] 2023-10-12T05:34:12.153852 #73     GeneralizingAstVisitor.visitExpression (package:analyzer/dart/ast/visitor.dart:305:42)
[WrapWithProviderScope] 2023-10-12T05:34:12.153852 #74     LinterVisitor.visitExpression (package:custom_lint_core/src/node_lint_visitor.g.dart:370:11)
[WrapWithProviderScope] 2023-10-12T05:34:12.153852 #75     GeneralizingAstVisitor.visitNamedExpression (package:analyzer/dart/ast/visitor.dart:519:52)
[WrapWithProviderScope] 2023-10-12T05:34:12.153852 #76     LinterVisitor.visitNamedExpression (package:custom_lint_core/src/node_lint_visitor.g.dart:754:11)
[WrapWithProviderScope] 2023-10-12T05:34:12.153852 #77     NamedExpressionImpl.accept (package:analyzer/src/dart/ast/ast.dart:12574:50)
[WrapWithProviderScope] 2023-10-12T05:34:12.153852 #78     NodeListImpl.accept (package:analyzer/src/dart/ast/ast.dart:12998:20)
[WrapWithProviderScope] 2023-10-12T05:34:12.153852 #79     ArgumentListImpl.visitChildren (package:analyzer/src/dart/ast/ast.dart:510:16)
[WrapWithProviderScope] 2023-10-12T05:34:12.153852 #80     GeneralizingAstVisitor.visitNode (package:analyzer/dart/ast/visitor.dart:535:10)
[WrapWithProviderScope] 2023-10-12T05:34:12.153852 #81     LinterVisitor.visitNode (package:custom_lint_core/src/node_lint_visitor.g.dart:784:11)
[WrapWithProviderScope] 2023-10-12T05:34:12.153852 #82     GeneralizingAstVisitor.visitArgumentList (package:analyzer/dart/ast/visitor.dart:143:46)
[WrapWithProviderScope] 2023-10-12T05:34:12.153852 #83     LinterVisitor.visitArgumentList (package:custom_lint_core/src/node_lint_visitor.g.dart:58:11)
[WrapWithProviderScope] 2023-10-12T05:34:12.153852 #84     ArgumentListImpl.accept (package:analyzer/src/dart/ast/ast.dart:506:50)
[WrapWithProviderScope] 2023-10-12T05:34:12.153852 #85     InstanceCreationExpressionImpl.visitChildren (package:analyzer/src/dart/ast/ast.dart:10473:19)
[WrapWithProviderScope] 2023-10-12T05:34:12.153852 #86     GeneralizingAstVisitor.visitNode (package:analyzer/dart/ast/visitor.dart:535:10)
[WrapWithProviderScope] 2023-10-12T05:34:12.153852 #87     LinterVisitor.visitNode (package:custom_lint_core/src/node_lint_visitor.g.dart:784:11)
[WrapWithProviderScope] 2023-10-12T05:34:12.153852 #88     GeneralizingAstVisitor.visitCollectionElement (package:analyzer/dart/ast/visitor.dart:208:56)
[WrapWithProviderScope] 2023-10-12T05:34:12.153852 #89     LinterVisitor.visitCollectionElement (package:custom_lint_core/src/node_lint_visitor.g.dart:184:11)
[WrapWithProviderScope] 2023-10-12T05:34:12.153852 #90     GeneralizingAstVisitor.visitExpression (package:analyzer/dart/ast/visitor.dart:305:42)
[WrapWithProviderScope] 2023-10-12T05:34:12.153852 #91     LinterVisitor.visitExpression (package:custom_lint_core/src/node_lint_visitor.g.dart:370:11)
[WrapWithProviderScope] 2023-10-12T05:34:12.153852 #92     GeneralizingAstVisitor.visitInstanceCreationExpression (package:analyzer/dart/ast/visitor.dart:443:7)
[WrapWithProviderScope] 2023-10-12T05:34:12.153852 #93     LinterVisitor.visitInstanceCreationExpression (package:custom_lint_core/src/node_lint_visitor.g.dart:610:11)
[WrapWithProviderScope] 2023-10-12T05:34:12.153852 #94     InstanceCreationExpressionImpl.accept (package:analyzer/src/dart/ast/ast.dart:10462:15)
[WrapWithProviderScope] 2023-10-12T05:34:12.153852 #95     NamedExpressionImpl.visitChildren (package:analyzer/src/dart/ast/ast.dart:12584:17)
[WrapWithProviderScope] 2023-10-12T05:34:12.153852 #96     GeneralizingAstVisitor.visitNode (package:analyzer/dart/ast/visitor.dart:535:10)
[WrapWithProviderScope] 2023-10-12T05:34:12.153852 #97     LinterVisitor.visitNode (package:custom_lint_core/src/node_lint_visitor.g.dart:784:11)
[WrapWithProviderScope] 2023-10-12T05:34:12.153852 #98     GeneralizingAstVisitor.visitCollectionElement (package:analyzer/dart/ast/visitor.dart:208:56)
[WrapWithProviderScope] 2023-10-12T05:34:12.153852 #99     LinterVisitor.visitCollectionElement (package:custom_lint_core/src/node_lint_visitor.g.dart:184:11)
[WrapWithProviderScope] 2023-10-12T05:34:12.153852 #100    GeneralizingAstVisitor.visitExpression (package:analyzer/dart/ast/visitor.dart:305:42)
[WrapWithProviderScope] 2023-10-12T05:34:12.153852 #101    LinterVisitor.visitExpression (package:custom_lint_core/src/node_lint_visitor.g.dart:370:11)
[WrapWithProviderScope] 2023-10-12T05:34:12.153852 #102    GeneralizingAstVisitor.visitNamedExpression (package:analyzer/dart/ast/visitor.dart:519:52)
[WrapWithProviderScope] 2023-10-12T05:34:12.153852 #103    LinterVisitor.visitNamedExpression (package:custom_lint_core/src/node_lint_visitor.g.dart:754:11)
[WrapWithProviderScope] 2023-10-12T05:34:12.153852 #104    NamedExpressionImpl.accept (package:analyzer/src/dart/ast/ast.dart:12574:50)
[WrapWithProviderScope] 2023-10-12T05:34:12.153852 #105    NodeListImpl.accept (package:analyzer/src/dart/ast/ast.dart:12998:20)
[WrapWithProviderScope] 2023-10-12T05:34:12.153852 #106    ArgumentListImpl.visitChildren (package:analyzer/src/dart/ast/ast.dart:510:16)
[WrapWithProviderScope] 2023-10-12T05:34:12.153852 #107    GeneralizingAstVisitor.visitNode (package:analyzer/dart/ast/visitor.dart:535:10)
[WrapWithProviderScope] 2023-10-12T05:34:12.153852 #108    LinterVisitor.visitNode (package:custom_lint_core/src/node_lint_visitor.g.dart:784:11)
[WrapWithProviderScope] 2023-10-12T05:34:12.153852 #109    GeneralizingAstVisitor.visitArgumentList (package:analyzer/dart/ast/visitor.dart:143:46)
[WrapWithProviderScope] 2023-10-12T05:34:12.153852 #110    LinterVisitor.visitArgumentList (package:custom_lint_core/src/node_lint_visitor.g.dart:58:11)
[WrapWithProviderScope] 2023-10-12T05:34:12.153852 #111    ArgumentListImpl.accept (package:analyzer/src/dart/ast/ast.dart:506:50)
[WrapWithProviderScope] 2023-10-12T05:34:12.153852 #112    InstanceCreationExpressionImpl.visitChildren (package:analyzer/src/dart/ast/ast.dart:10473:19)
[WrapWithProviderScope] 2023-10-12T05:34:12.153852 #113    GeneralizingAstVisitor.visitNode (package:analyzer/dart/ast/visitor.dart:535:10)
[WrapWithProviderScope] 2023-10-12T05:34:12.153852 #114    LinterVisitor.visitNode (package:custom_lint_core/src/node_lint_visitor.g.dart:784:11)
[WrapWithProviderScope] 2023-10-12T05:34:12.153852 #115    GeneralizingAstVisitor.visitCollectionElement (package:analyzer/dart/ast/visitor.dart:208:56)
[WrapWithProviderScope] 2023-10-12T05:34:12.153852 #116    LinterVisitor.visitCollectionElement (package:custom_lint_core/src/node_lint_visitor.g.dart:184:11)
[WrapWithProviderScope] 2023-10-12T05:34:12.153852 #117    GeneralizingAstVisitor.visitExpression (package:analyzer/dart/ast/visitor.dart:305:42)
[WrapWithProviderScope] 2023-10-12T05:34:12.153852 #118    LinterVisitor.visitExpression (package:custom_lint_core/src/node_lint_visitor.g.dart:370:11)
[WrapWithProviderScope] 2023-10-12T05:34:12.153852 #119    GeneralizingAstVisitor.visitInstanceCreationExpression (package:analyzer/dart/ast/visitor.dart:443:7)
[WrapWithProviderScope] 2023-10-12T05:34:12.153852 #120    LinterVisitor.visitInstanceCreationExpression (package:custom_lint_core/src/node_lint_visitor.g.dart:610:11)
[WrapWithProviderScope] 2023-10-12T05:34:12.153852 #121    InstanceCreationExpressionImpl.accept (package:analyzer/src/dart/ast/ast.dart:10462:15)
[WrapWithProviderScope] 2023-10-12T05:34:12.153852 #122    NamedExpressionImpl.visitChildren (package:analyzer/src/dart/ast/ast.dart:12584:17)
[WrapWithProviderScope] 2023-10-12T05:34:12.153852 #123    GeneralizingAstVisitor.visitNode (package:analyzer/dart/ast/visitor.dart:535:10)
[WrapWithProviderScope] 2023-10-12T05:34:12.153852 #124    LinterVisitor.visitNode (package:custom_lint_core/src/node_lint_visitor.g.dart:784:11)
[WrapWithProviderScope] 2023-10-12T05:34:12.153852 #125    GeneralizingAstVisitor.visitCollectionElement (package:analyzer/dart/ast/visitor.dart:208:56)
[WrapWithProviderScope] 2023-10-12T05:34:12.153852 #126    LinterVisitor.visitCollectionElement (package:custom_lint_core/src/node_lint_visitor.g.dart:184:11)
[WrapWithProviderScope] 2023-10-12T05:34:12.153852 #127    GeneralizingAstVisitor.visitExpression (package:analyzer/dart/ast/visitor.dart:305:42)
[WrapWithProviderScope] 2023-10-12T05:34:12.153852 #128    LinterVisitor.visitExpression (package:custom_lint_core/src/node_lint_visitor.g.dart:370:11)
[WrapWithProviderScope] 2023-10-12T05:34:12.153852 #129    GeneralizingAstVisitor.visitNamedExpression (package:analyzer/dart/ast/visitor.dart:519:52)
[WrapWithProviderScope] 2023-10-12T05:34:12.153852 #130    LinterVisitor.visitNamedExpression (package:custom_lint_core/src/node_lint_visitor.g.dart:754:11)
[WrapWithProviderScope] 2023-10-12T05:34:12.153852 #131    NamedExpressionImpl.accept (package:analyzer/src/dart/ast/ast.dart:12574:50)
[WrapWithProviderScope] 2023-10-12T05:34:12.153852 #132    NodeListImpl.accept (package:analyzer/src/dart/ast/ast.dart:12998:20)
[WrapWithProviderScope] 2023-10-12T05:34:12.153852 #133    ArgumentListImpl.visitChildren (package:analyzer/src/dart/ast/ast.dart:510:16)
[WrapWithProviderScope] 2023-10-12T05:34:12.153852 #134    GeneralizingAstVisitor.visitNode (package:analyzer/dart/ast/visitor.dart:535:10)
[WrapWithProviderScope] 2023-10-12T05:34:12.153852 #135    LinterVisitor.visitNode (package:custom_lint_core/src/node_lint_visitor.g.dart:784:11)
[WrapWithProviderScope] 2023-10-12T05:34:12.153852 #136    GeneralizingAstVisitor.visitArgumentList (package:analyzer/dart/ast/visitor.dart:143:46)
[WrapWithProviderScope] 2023-10-12T05:34:12.153852 #137    LinterVisitor.visitArgumentList (package:custom_lint_core/src/node_lint_visitor.g.dart:58:11)
[WrapWithProviderScope] 2023-10-12T05:34:12.153852 #138    ArgumentListImpl.accept (package:analyzer/src/dart/ast/ast.dart:506:50)
[WrapWithProviderScope] 2023-10-12T05:34:12.153852 #139    InstanceCreationExpressionImpl.visitChildren (package:analyzer/src/dart/ast/ast.dart:10473:19)
[WrapWithProviderScope] 2023-10-12T05:34:12.153852 #140    GeneralizingAstVisitor.visitNode (package:analyzer/dart/ast/visitor.dart:535:10)
[WrapWithProviderScope] 2023-10-12T05:34:12.153852 #141    LinterVisitor.visitNode (package:custom_lint_core/src/node_lint_visitor.g.dart:784:11)
[WrapWithProviderScope] 2023-10-12T05:34:12.153852 #142    GeneralizingAstVisitor.visitCollectionElement (package:analyzer/dart/ast/visitor.dart:208:56)
[WrapWithProviderScope] 2023-10-12T05:34:12.153852 #143    LinterVisitor.visitCollectionElement (package:custom_lint_core/src/node_lint_visitor.g.dart:184:11)
[WrapWithProviderScope] 2023-10-12T05:34:12.153852 #144    GeneralizingAstVisitor.visitExpression (package:analyzer/dart/ast/visitor.dart:305:42)
[WrapWithProviderScope] 2023-10-12T05:34:12.153852 #145    LinterVisitor.visitExpression (package:custom_lint_core/src/node_lint_visitor.g.dart:370:11)
[WrapWithProviderScope] 2023-10-12T05:34:12.153852 #146    GeneralizingAstVisitor.visitInstanceCreationExpression (package:analyzer/dart/ast/visitor.dart:443:7)
[WrapWithProviderScope] 2023-10-12T05:34:12.153852 #147    LinterVisitor.visitInstanceCreationExpression (package:custom_lint_core/src/node_lint_visitor.g.dart:610:11)
[WrapWithProviderScope] 2023-10-12T05:34:12.153852 #148    InstanceCreationExpressionImpl.accept (package:analyzer/src/dart/ast/ast.dart:10462:15)
[WrapWithProviderScope] 2023-10-12T05:34:12.153852 #149    ReturnStatementImpl.visitChildren (package:analyzer/src/dart/ast/ast.dart:15652:18)
[WrapWithProviderScope] 2023-10-12T05:34:12.153852 #150    GeneralizingAstVisitor.visitNode (package:analyzer/dart/ast/visitor.dart:535:10)
[WrapWithProviderScope] 2023-10-12T05:34:12.153852 #151    LinterVisitor.visitNode (package:custom_lint_core/src/node_lint_visitor.g.dart:784:11)
[WrapWithProviderScope] 2023-10-12T05:34:12.153852 #152    GeneralizingAstVisitor.visitStatement (package:analyzer/dart/ast/visitor.dart:679:40)
[WrapWithProviderScope] 2023-10-12T05:34:12.153852 #153    LinterVisitor.visitStatement (package:custom_lint_core/src/node_lint_visitor.g.dart:1029:11)
[WrapWithProviderScope] 2023-10-12T05:34:12.153852 #154    GeneralizingAstVisitor.visitReturnStatement (package:analyzer/dart/ast/visitor.dart:651:52)
[WrapWithProviderScope] 2023-10-12T05:34:12.153852 #155    LinterVisitor.visitReturnStatement (package:custom_lint_core/src/node_lint_visitor.g.dart:975:11)
[WrapWithProviderScope] 2023-10-12T05:34:12.153852 #156    ReturnStatementImpl.accept (package:analyzer/src/dart/ast/ast.dart:15648:50)
[WrapWithProviderScope] 2023-10-12T05:34:12.153852 #157    NodeListImpl.accept (package:analyzer/src/dart/ast/ast.dart:12998:20)
[WrapWithProviderScope] 2023-10-12T05:34:12.153852 #158    BlockImpl.visitChildren (package:analyzer/src/dart/ast/ast.dart:1979:17)
[WrapWithProviderScope] 2023-10-12T05:34:12.153852 #159    GeneralizingAstVisitor.visitNode (package:analyzer/dart/ast/visitor.dart:535:10)
[WrapWithProviderScope] 2023-10-12T05:34:12.153852 #160    LinterVisitor.visitNode (package:custom_lint_core/src/node_lint_visitor.g.dart:784:11)
[WrapWithProviderScope] 2023-10-12T05:34:12.153852 #161    GeneralizingAstVisitor.visitStatement (package:analyzer/dart/ast/visitor.dart:679:40)
[WrapWithProviderScope] 2023-10-12T05:34:12.153852 #162    LinterVisitor.visitStatement (package:custom_lint_core/src/node_lint_visitor.g.dart:1029:11)
[WrapWithProviderScope] 2023-10-12T05:34:12.153852 #163    GeneralizingAstVisitor.visitBlock (package:analyzer/dart/ast/visitor.dart:173:32)
[WrapWithProviderScope] 2023-10-12T05:34:12.153852 #164    LinterVisitor.visitBlock (package:custom_lint_core/src/node_lint_visitor.g.dart:112:11)
[WrapWithProviderScope] 2023-10-12T05:34:12.153852 #165    BlockImpl.accept (package:analyzer/src/dart/ast/ast.dart:1975:50)
[WrapWithProviderScope] 2023-10-12T05:34:12.153852 #166    BlockFunctionBodyImpl.visitChildren (package:analyzer/src/dart/ast/ast.dart:1930:12)
[WrapWithProviderScope] 2023-10-12T05:34:12.153852 #167    GeneralizingAstVisitor.visitNode (package:analyzer/dart/ast/visitor.dart:535:10)
[WrapWithProviderScope] 2023-10-12T05:34:12.153852 #168    LinterVisitor.visitNode (package:custom_lint_core/src/node_lint_visitor.g.dart:784:11)
[WrapWithProviderScope] 2023-10-12T05:34:12.153852 #169    GeneralizingAstVisitor.visitFunctionBody (package:analyzer/dart/ast/visitor.dart:373:46)
[WrapWithProviderScope] 2023-10-12T05:34:12.153852 #170    LinterVisitor.visitFunctionBody (package:custom_lint_core/src/node_lint_visitor.g.dart:490:11)
[WrapWithProviderScope] 2023-10-12T05:34:12.153852 #171    GeneralizingAstVisitor.visitBlockFunctionBody (package:analyzer/dart/ast/visitor.dart:176:56)
[WrapWithProviderScope] 2023-10-12T05:34:12.153852 #172    LinterVisitor.visitBlockFunctionBody (package:custom_lint_core/src/node_lint_visitor.g.dart:118:11)
[WrapWithProviderScope] 2023-10-12T05:34:12.153852 #173    BlockFunctionBodyImpl.accept (package:analyzer/src/dart/ast/ast.dart:1922:50)
[WrapWithProviderScope] 2023-10-12T05:34:12.153852 #174    MethodDeclarationImpl.visitChildren (package:analyzer/src/dart/ast/ast.dart:12125:10)
[WrapWithProviderScope] 2023-10-12T05:34:12.153852 #175    GeneralizingAstVisitor.visitNode (package:analyzer/dart/ast/visitor.dart:535:10)
[WrapWithProviderScope] 2023-10-12T05:34:12.153852 #176    LinterVisitor.visitNode (package:custom_lint_core/src/node_lint_visitor.g.dart:784:11)
[WrapWithProviderScope] 2023-10-12T05:34:12.153852 #177    GeneralizingAstVisitor.visitAnnotatedNode (package:analyzer/dart/ast/visitor.dart:137:48)
[WrapWithProviderScope] 2023-10-12T05:34:12.153852 #178    LinterVisitor.visitAnnotatedNode (package:custom_lint_core/src/node_lint_visitor.g.dart:46:11)
[WrapWithProviderScope] 2023-10-12T05:34:12.153852 #179    GeneralizingAstVisitor.visitDeclaration (package:analyzer/dart/ast/visitor.dart:260:44)
[WrapWithProviderScope] 2023-10-12T05:34:12.153852 #180    LinterVisitor.visitDeclaration (package:custom_lint_core/src/node_lint_visitor.g.dart:286:11)
[WrapWithProviderScope] 2023-10-12T05:34:12.153852 #181    GeneralizingAstVisitor.visitClassMember (package:analyzer/dart/ast/visitor.dart:203:44)
[WrapWithProviderScope] 2023-10-12T05:34:12.153852 #182    LinterVisitor.visitClassMember (package:custom_lint_core/src/node_lint_visitor.g.dart:172:11)
[WrapWithProviderScope] 2023-10-12T05:34:12.153852 #183    GeneralizingAstVisitor.visitMethodDeclaration (package:analyzer/dart/ast/visitor.dart:505:56)
[WrapWithProviderScope] 2023-10-12T05:34:12.153852 #184    LinterVisitor.visitMethodDeclaration (package:custom_lint_core/src/node_lint_visitor.g.dart:730:11)
[WrapWithProviderScope] 2023-10-12T05:34:12.153852 #185    MethodDeclarationImpl.accept (package:analyzer/src/dart/ast/ast.dart:12117:50)
[WrapWithProviderScope] 2023-10-12T05:34:12.153852 #186    NodeListImpl.accept (package:analyzer/src/dart/ast/ast.dart:12998:20)
[WrapWithProviderScope] 2023-10-12T05:34:12.153852 #187    ClassDeclarationImpl.visitChildren (package:analyzer/src/dart/ast/ast.dart:2903:13)
[WrapWithProviderScope] 2023-10-12T05:34:12.153852 #188    GeneralizingAstVisitor.visitNode (package:analyzer/dart/ast/visitor.dart:535:10)
[WrapWithProviderScope] 2023-10-12T05:34:12.153852 #189    LinterVisitor.visitNode (package:custom_lint_core/src/node_lint_visitor.g.dart:784:11)
[WrapWithProviderScope] 2023-10-12T05:34:12.153852 #190    GeneralizingAstVisitor.visitAnnotatedNode (package:analyzer/dart/ast/visitor.dart:137:48)
[WrapWithProviderScope] 2023-10-12T05:34:12.153852 #191    LinterVisitor.visitAnnotatedNode (package:custom_lint_core/src/node_lint_visitor.g.dart:46:11)
[WrapWithProviderScope] 2023-10-12T05:34:12.153852 #192    GeneralizingAstVisitor.visitDeclaration (package:analyzer/dart/ast/visitor.dart:260:44)
[WrapWithProviderScope] 2023-10-12T05:34:12.153852 #193    LinterVisitor.visitDeclaration (package:custom_lint_core/src/node_lint_visitor.g.dart:286:11)
[WrapWithProviderScope] 2023-10-12T05:34:12.153852 #194    GeneralizingAstVisitor.visitCompilationUnitMember (package:analyzer/dart/ast/visitor.dart:222:7)
[WrapWithProviderScope] 2023-10-12T05:34:12.153852 #195    LinterVisitor.visitCompilationUnitMember (package:custom_lint_core/src/node_lint_visitor.g.dart:214:11)
[WrapWithProviderScope] 2023-10-12T05:34:12.153852 #196    GeneralizingAstVisitor.visitNamedCompilationUnitMember (package:analyzer/dart/ast/visitor.dart:516:7)
[WrapWithProviderScope] 2023-10-12T05:34:12.153852 #197    LinterVisitor.visitNamedCompilationUnitMember (package:custom_lint_core/src/node_lint_visitor.g.dart:748:11)
[WrapWithProviderScope] 2023-10-12T05:34:12.153852 #198    GeneralizingAstVisitor.visitClassDeclaration (package:analyzer/dart/ast/visitor.dart:201:7)
[WrapWithProviderScope] 2023-10-12T05:34:12.153852 #199    LinterVisitor.visitClassDeclaration (package:custom_lint_core/src/node_lint_visitor.g.dart:166:11)
[WrapWithProviderScope] 2023-10-12T05:34:12.153852 #200    ClassDeclarationImpl.accept (package:analyzer/src/dart/ast/ast.dart:2893:50)
[WrapWithProviderScope] 2023-10-12T05:34:12.153852 #201    NodeListImpl.accept (package:analyzer/src/dart/ast/ast.dart:12998:20)
[WrapWithProviderScope] 2023-10-12T05:34:12.153852 #202    CompilationUnitImpl.visitChildren (package:analyzer/src/dart/ast/ast.dart:3631:21)
[WrapWithProviderScope] 2023-10-12T05:34:12.153852 #203    GeneralizingAstVisitor.visitNode (package:analyzer/dart/ast/visitor.dart:535:10)
[WrapWithProviderScope] 2023-10-12T05:34:12.153852 #204    LinterVisitor.visitNode (package:custom_lint_core/src/node_lint_visitor.g.dart:784:11)
[WrapWithProviderScope] 2023-10-12T05:34:12.153852 #205    GeneralizingAstVisitor.visitCompilationUnit (package:analyzer/dart/ast/visitor.dart:219:52)
[WrapWithProviderScope] 2023-10-12T05:34:12.153852 #206    LinterVisitor.visitCompilationUnit (package:custom_lint_core/src/node_lint_visitor.g.dart:208:11)
[WrapWithProviderScope] 2023-10-12T05:34:12.153852 #207    CompilationUnitImpl.accept (package:analyzer/src/dart/ast/ast.dart:3624:50)
[WrapWithProviderScope] 2023-10-12T05:34:12.153852 #208    DartAssist.startUp.<anonymous closure> (package:custom_lint_core/src/assist.dart:81:17)
[WrapWithProviderScope] 2023-10-12T05:34:12.153852 #209    _rootRun (dart:async/zone.dart:1399:13)
[WrapWithProviderScope] 2023-10-12T05:34:12.153852 #210    _CustomZone.run (dart:async/zone.dart:1301:19)
[WrapWithProviderScope] 2023-10-12T05:34:12.153852 #211    _CustomZone.bindCallback.<anonymous closure> (dart:async/zone.dart:1233:23)
[WrapWithProviderScope] 2023-10-12T05:34:12.153852 #212    runPostRunCallbacks (package:custom_lint_core/src/plugin_base.dart:16:19)
[WrapWithProviderScope] 2023-10-12T05:34:12.153852 #213    _ClientAnalyzerPlugin.handleEditGetAssists (package:custom_lint_builder/src/client.dart:463:5)
[WrapWithProviderScope] 2023-10-12T05:34:12.153852 <asynchronous suspension>
[WrapWithProviderScope] 2023-10-12T05:34:12.153852 #214    ServerPlugin._getResponse (package:analyzer_plugin/plugin/plugin.dart:556:18)
[WrapWithProviderScope] 2023-10-12T05:34:12.153852 <asynchronous suspension>
[WrapWithProviderScope] 2023-10-12T05:34:12.153852 #215    ServerPlugin._onRequest (package:analyzer_plugin/plugin/plugin.dart:599:18)
[WrapWithProviderScope] 2023-10-12T05:34:12.153852 <asynchronous suspension>
[WrapWithProviderScope] 2023-10-12T05:34:12.153852
The Dart VM service is listening on http://127.0.0.1:65006/Cw2x9aTq5DU=/
The Dart DevTools debugger and profiler is available at: http://127.0.0.1:65006/Cw2x9aTq5DU=/devtools?uri=ws://127.0.0.1:65006/Cw2x9aTq5DU=/ws
The Dart VM service is listening on http://127.0.0.1:64046/yr6Dy_2Sr_g=/
The Dart DevTools debugger and profiler is available at: http://127.0.0.1:64046/yr6Dy_2Sr_g=/devtools?uri=ws://127.0.0.1:64046/yr6Dy_2Sr_g=/ws
The Dart VM service is listening on http://127.0.0.1:52076/Ya1CftITlNo=/
The Dart DevTools debugger and profiler is available at: http://127.0.0.1:52076/Ya1CftITlNo=/devtools?uri=ws://127.0.0.1:52076/Ya1CftITlNo=/ws
The Dart VM service is listening on http://127.0.0.1:62349/5-9dSU_nil0=/
The Dart DevTools debugger and profiler is available at: http://127.0.0.1:62349/5-9dSU_nil0=/devtools?uri=ws://127.0.0.1:62349/5-9dSU_nil0=/ws
The Dart VM service is listening on http://127.0.0.1:52444/rPK-iWCDHt4=/
The Dart DevTools debugger and profiler is available at: http://127.0.0.1:52444/rPK-iWCDHt4=/devtools?uri=ws://127.0.0.1:52444/rPK-iWCDHt4=/ws
The Dart VM service is listening on http://127.0.0.1:57484/0UHX_nl7vNU=/
The Dart DevTools debugger and profiler is available at: http://127.0.0.1:57484/0UHX_nl7vNU=/devtools?uri=ws://127.0.0.1:57484/0UHX_nl7vNU=/ws
